This is pdfTeXk, Version 3.141592-1.40.3 (Web2C 7.5.6) (format=pdflatex 2010.5.10)  24 MAY 2010 21:43
entering extended mode
 %&-line parsing enabled.
**math-cheatsheet.tex
(./math-cheatsheet.tex
LaTeX2e <2005/12/01>
Babel <v3.8h> and hyphenation patterns for english, usenglishmax, dumylang, noh
yphenation, arabic, farsi, croatian, ukrainian, russian, bulgarian, czech, slov
ak, danish, dutch, finnish, basque, french, german, ngerman, ibycus, greek, mon
ogreek, ancientgreek, hungarian, italian, latin, mongolian, norsk, icelandic, i
nterlingua, turkish, coptic, romanian, welsh, serbian, slovenian, estonian, esp
eranto, uppersorbian, indonesian, polish, portuguese, spanish, catalan, galicia
n, swedish, ukenglish, pinyin, loaded.
(/usr/share/texmf-texlive/tex/latex/amscls/amsart.cls
Document Class: amsart 2004/08/06 v2.20
\linespacing=\dimen102
\normalparindent=\dimen103
\normaltopskip=\skip41
(/usr/share/texmf-texlive/tex/latex/amsmath/amsmath.sty
Package: amsmath 2000/07/18 v2.13 AMS math features
\@mathmargin=\skip42

For additional information on amsmath, use the `?' option.
(/usr/share/texmf-texlive/tex/latex/amsmath/amstext.sty
Package: amstext 2000/06/29 v2.01

(/usr/share/texmf-texlive/tex/latex/amsmath/amsgen.sty
File: amsgen.sty 1999/11/30 v2.0
\@emptytoks=\toks14
\ex@=\dimen104
))
(/usr/share/texmf-texlive/tex/latex/amsmath/amsbsy.sty
Package: amsbsy 1999/11/29 v1.2d
\pmbraise@=\dimen105
)
(/usr/share/texmf-texlive/tex/latex/amsmath/amsopn.sty
Package: amsopn 1999/12/14 v2.01 operator names
)
\inf@bad=\count79
LaTeX Info: Redefining \frac on input line 211.
\uproot@=\count80
\leftroot@=\count81
LaTeX Info: Redefining \overline on input line 307.
\classnum@=\count82
\DOTSCASE@=\count83
LaTeX Info: Redefining \ldots on input line 379.
LaTeX Info: Redefining \dots on input line 382.
LaTeX Info: Redefining \cdots on input line 467.
\Mathstrutbox@=\box26
\strutbox@=\box27
\big@size=\dimen106
LaTeX Font Info:    Redeclaring font encoding OML on input line 567.
LaTeX Font Info:    Redeclaring font encoding OMS on input line 568.
\macc@depth=\count84
\c@MaxMatrixCols=\count85
\dotsspace@=\muskip10
\c@parentequation=\count86
\dspbrk@lvl=\count87
\tag@help=\toks15
\row@=\count88
\column@=\count89
\maxfields@=\count90
\andhelp@=\toks16
\eqnshift@=\dimen107
\alignsep@=\dimen108
\tagshift@=\dimen109
\tagwidth@=\dimen110
\totwidth@=\dimen111
\lineht@=\dimen112
\@envbody=\toks17
\multlinegap=\skip43
\multlinetaggap=\skip44
\mathdisplay@stack=\toks18
LaTeX Info: Redefining \[ on input line 2666.
LaTeX Info: Redefining \] on input line 2667.
)
LaTeX Font Info:    Try loading font information for U+msa on input line 407.

(/usr/share/texmf-texlive/tex/latex/amsfonts/umsa.fd
File: umsa.fd 2002/01/19 v2.2g AMS font definitions
)
(/usr/share/texmf-texlive/tex/latex/amsfonts/amsfonts.sty
Package: amsfonts 2001/10/25 v2.2f
\symAMSa=\mathgroup4
\symAMSb=\mathgroup5
LaTeX Font Info:    Overwriting math alphabet `\mathfrak' in version `bold'
(Font)                  U/euf/m/n --> U/euf/b/n on input line 132.
)
\copyins=\insert233
\abstractbox=\box28
\listisep=\skip45
\c@part=\count91
\c@section=\count92
\c@subsection=\count93
\c@subsubsection=\count94
\c@paragraph=\count95
\c@subparagraph=\count96
\c@figure=\count97
\c@table=\count98
\abovecaptionskip=\skip46
\belowcaptionskip=\skip47
\captionindent=\dimen113
\thm@style=\toks19
\thm@bodyfont=\toks20
\thm@headfont=\toks21
\thm@notefont=\toks22
\thm@headpunct=\toks23
\thm@preskip=\skip48
\thm@postskip=\skip49
\thm@headsep=\skip50
\dth@everypar=\toks24
)
(/usr/share/texmf-texlive/tex/latex/graphics/graphicx.sty
Package: graphicx 1999/02/16 v1.0f Enhanced LaTeX Graphics (DPC,SPQR)

(/usr/share/texmf-texlive/tex/latex/graphics/keyval.sty
Package: keyval 1999/03/16 v1.13 key=value parser (DPC)
\KV@toks@=\toks25
)
(/usr/share/texmf-texlive/tex/latex/graphics/graphics.sty
Package: graphics 2006/02/20 v1.0o Standard LaTeX Graphics (DPC,SPQR)

(/usr/share/texmf-texlive/tex/latex/graphics/trig.sty
Package: trig 1999/03/16 v1.09 sin cos tan (DPC)
)
(/etc/texmf/tex/latex/config/graphics.cfg
File: graphics.cfg 2007/01/18 v1.5 graphics configuration of teTeX/TeXLive
)
Package graphics Info: Driver file: pdftex.def on input line 90.

(/usr/share/texmf-texlive/tex/latex/pdftex-def/pdftex.def
File: pdftex.def 2007/01/08 v0.04d Graphics/color for pdfTeX
\Gread@gobject=\count99
))
\Gin@req@height=\dimen114
\Gin@req@width=\dimen115
)
(/usr/share/texmf-texlive/tex/latex/tools/verbatim.sty
Package: verbatim 2003/08/22 v1.5q LaTeX2e package for verbatim enhancements
\every@verbatim=\toks26
\verbatim@line=\toks27
\verbatim@in@stream=\read1
)
(/usr/share/texmf-texlive/tex/latex/tools/longtable.sty
Package: longtable 2004/02/01 v4.11 Multi-page Table package (DPC)
\LTleft=\skip51
\LTright=\skip52
\LTpre=\skip53
\LTpost=\skip54
\LTchunksize=\count100
\LTcapwidth=\dimen116
\LT@head=\box29
\LT@firsthead=\box30
\LT@foot=\box31
\LT@lastfoot=\box32
\LT@cols=\count101
\LT@rows=\count102
\c@LT@tables=\count103
\c@LT@chunks=\count104
\LT@p@ftn=\toks28
)
(/usr/share/texmf-texlive/tex/latex/preprint/fullpage.sty
Package: fullpage 1999/02/23 1.1 (PWD)
\FP@margin=\skip55
)
\diagramwidth=\skip56
\namewidth=\skip57
\notationwidth=\skip58
\ideawidth=\skip59
\usewidth=\skip60

(./math-cheatsheet.aux)
\openout1 = `math-cheatsheet.aux'.

LaTeX Font Info:    Checking defaults for OML/cmm/m/it on input line 72.
LaTeX Font Info:    ... okay on input line 72.
LaTeX Font Info:    Checking defaults for T1/cmr/m/n on input line 72.
LaTeX Font Info:    ... okay on input line 72.
LaTeX Font Info:    Checking defaults for OT1/cmr/m/n on input line 72.
LaTeX Font Info:    ... okay on input line 72.
LaTeX Font Info:    Checking defaults for OMS/cmsy/m/n on input line 72.
LaTeX Font Info:    ... okay on input line 72.
LaTeX Font Info:    Checking defaults for OMX/cmex/m/n on input line 72.
LaTeX Font Info:    ... okay on input line 72.
LaTeX Font Info:    Checking defaults for U/cmr/m/n on input line 72.
LaTeX Font Info:    ... okay on input line 72.
LaTeX Font Info:    Try loading font information for U+msa on input line 72.
 (/usr/share/texmf-texlive/tex/latex/amsfonts/umsa.fd
File: umsa.fd 2002/01/19 v2.2g AMS font definitions
)
LaTeX Font Info:    Try loading font information for U+msb on input line 72.

(/usr/share/texmf-texlive/tex/latex/amsfonts/umsb.fd
File: umsb.fd 2002/01/19 v2.2g AMS font definitions
)
(/usr/share/texmf/tex/context/base/supp-pdf.tex
[Loading MPS to PDF converter (version 2006.09.02).]
\scratchcounter=\count105
\scratchdimen=\dimen117
\scratchbox=\box33
\nofMPsegments=\count106
\nofMParguments=\count107
\everyMPshowfont=\toks29
\MPscratchCnt=\count108
\MPscratchDim=\dimen118
\MPnumerator=\count109
\everyMPtoPDFconversion=\toks30
) [1{/var/lib/texmf/fonts/map/pdftex/updmap/pdftex.map}]
<diagrams/vectors_vector.png, id=11, 557.08125pt x 526.96875pt>
File: diagrams/vectors_vector.png Graphic file (type png)

<use diagrams/vectors_vector.png>
Underfull \hbox (badness 1137) in paragraph at lines 98--99
[]|\OT1/cmr/m/n/10 People usu-ally use vec-tors for
 []


Underfull \hbox (badness 10000) in paragraph at lines 101--101
[]|\OT1/cmr/m/n/10 magnitude,
 []

<diagrams/vectors_norm.png, id=12, 302.12875pt x 300.12125pt>
File: diagrams/vectors_norm.png Graphic file (type png)

<use diagrams/vectors_norm.png>
Underfull \hbox (badness 2103) in paragraph at lines 105--106
\OT1/cmr/m/n/10 ever they're rep-re-sent-ing with
 []

<diagrams/vectors_unit-vector.png, id=13, 379.4175pt x 313.17pt>
File: diagrams/vectors_unit-vector.png Graphic file (type png)

<use diagrams/vectors_unit-vector.png>
<diagrams/vectors_basis-vectors.png, id=14, 580.1675pt x 638.385pt>
File: diagrams/vectors_basis-vectors.png Graphic file (type png)

<use diagrams/vectors_basis-vectors.png>
<diagrams/vectors_vector-addition.png, id=15, 556.0775pt x 662.475pt>
File: diagrams/vectors_vector-addition.png Graphic file (type png)

<use diagrams/vectors_vector-addition.png>
Underfull \hbox (badness 6204) in paragraph at lines 125--125
[]|\OT1/cmr/m/n/10 vector sub-trac-
 []

<diagrams/vectors_vector-subtraction.png, id=16, 871.255pt x 611.28375pt>
File: diagrams/vectors_vector-subtraction.png Graphic file (type png)

<use diagrams/vectors_vector-subtraction.png>
Underfull \hbox (badness 5533) in paragraph at lines 131--131
[]|\OT1/cmr/m/n/10 scalar mul-ti-pli-
 []

<diagrams/vectors_scalar-multiplication.png, id=17, 624.3325pt x 346.29375pt>
File: diagrams/vectors_scalar-multiplication.png Graphic file (type png)

<use diagrams/vectors_scalar-multiplication.png>
Underfull \hbox (badness 10000) in paragraph at lines 137--137
[]|\OT1/cmr/m/n/10 dot prod-uct,
 []


Underfull \hbox (badness 10000) in paragraph at lines 137--137
\OT1/cmr/m/n/10 in-ner prod-uct,
 []

<diagrams/vectors_dot-product.png, id=18, 338.26375pt x 337.26pt>
File: diagrams/vectors_dot-product.png Graphic file (type png)

<use diagrams/vectors_dot-product.png>
Underfull \hbox (badness 10000) in paragraph at lines 143--143
[]|\OT1/cmr/m/n/10 cross prod-uct,
 []

<diagrams/vectors_cross-product.png, id=19, 485.815pt x 675.52374pt>
File: diagrams/vectors_cross-product.png Graphic file (type png)

<use diagrams/vectors_cross-product.png>
Underfull \hbox (badness 4328) in paragraph at lines 150--150
[]|$\OML/cmm/m/it/10 V$\OT1/cmr/m/n/10 , $\OML/cmm/m/it/10 W$\OT1/cmr/m/n/10 ; 
some-
 []

<diagrams/vectors_vector-field.png, id=20, 395.4775pt x 395.4775pt>
File: diagrams/vectors_vector-field.png Graphic file (type png)

<use diagrams/vectors_vector-field.png>
Underfull \hbox (badness 1137) in paragraph at lines 153--154
\OT1/cmr/m/n/10 talk-ing about how force fields
 []

[2 <./diagrams/vectors_vector.png> <./diagrams/vectors_norm.png (PNG copy)>]
[3 <./diagrams/vectors_unit-vector.png (PNG copy)> <./diagrams/vectors_basis-ve
ctors.png> <./diagrams/vectors_vector-addition.png (PNG copy)>] [4 <./diagrams/
vectors_vector-subtraction.png (PNG copy)> <./diagrams/vectors_scalar-multiplic
ation.png> <./diagrams/vectors_dot-product.png>] [5 <./diagrams/vectors_cross-p
roduct.png> <./diagrams/vectors_vector-field.png (PNG copy)>]
Underfull \hbox (badness 7814) in paragraph at lines 166--166
[]|\OT1/cmr/m/n/10 derivative, dif-
 []


Underfull \hbox (badness 10000) in paragraph at lines 167--167
[]|$[]$\OT1/cmr/m/n/10 , $[]\OML/cmm/m/it/10 f\OT1/cmr/m/n/10 (\OML/cmm/m/it/10
 x\OT1/cmr/m/n/10 )$,
 []


Underfull \hbox (badness 2689) in paragraph at lines 167--167
[]\OT1/cmr/m/n/10 (\OML/cmm/m/it/10 x\OT1/cmr/m/n/10 )$, $[]$, $\OML/cmm/m/it/1
0 f\OMS/cmsy/m/n/10 0$\OT1/cmr/m/n/10 ,
 []


Underfull \hbox (badness 10000) in paragraph at lines 167--167
\OML/cmm/m/it/10 f[]$\OT1/cmr/m/n/10 , $[]$, $[]$,
 []

<diagrams/calculus_derivative.png, id=49, 826.08624pt x 588.1975pt>
File: diagrams/calculus_derivative.png Graphic file (type png)

<use diagrams/calculus_derivative.png>
Underfull \hbox (badness 4739) in paragraph at lines 170--171
[]|\OT1/cmr/m/n/10 Derivatives and dif-fer-en-ti-a-tion
 []


Underfull \hbox (badness 1430) in paragraph at lines 173--173
[]|$[][] \OML/cmm/m/it/10 fdx$\OT1/cmr/m/n/10 , $[][] \OML/cmm/m/it/10 fdx$\OT1
/cmr/m/n/10 ,
 []

<diagrams/calculus_integral.png, id=50, 684.5575pt x 602.25pt>
File: diagrams/calculus_integral.png Graphic file (type png)

<use diagrams/calculus_integral.png>
Underfull \hbox (badness 1028) in paragraph at lines 176--177
[]|\OT1/cmr/m/n/10 People use in-te-grals to do all
 []


Underfull \hbox (badness 1527) in paragraph at lines 176--177
\OT1/cmr/m/n/10 sorts of things: some of the
 []


Underfull \hbox (badness 10000) in paragraph at lines 178--178
[]|\OT1/cmr/m/n/10 partial de-riv-a-
 []

<diagrams/calculus_partial-derivative.png, id=51, 588.1975pt x 377.41pt>
File: diagrams/calculus_partial-derivative.png Graphic file (type png)

<use diagrams/calculus_partial-derivative.png>
<diagrams/calculus_divergence.png, id=52, 503.8825pt x 503.8825pt>
File: diagrams/calculus_divergence.png Graphic file (type png)

<use diagrams/calculus_divergence.png>
Underfull \hbox (badness 1067) in paragraph at lines 188--189
\OT1/cmr/m/n/10 am-ple, it fea-tures promi-nently
 []

<diagrams/calculus_gradient.png, id=53, 1104.125pt x 828.09375pt>
File: diagrams/calculus_gradient.png Graphic file (type png)

<use diagrams/calculus_gradient.png>
Underfull \hbox (badness 1132) in paragraph at lines 194--195
\OT1/cmr/m/n/10 shows up all the time in de-
 []

<diagrams/calculus_curl.png, id=54, 602.25pt x 306.14375pt>
File: diagrams/calculus_curl.png Graphic file (type png)

<use diagrams/calculus_curl.png>
Underfull \hbox (badness 10000) in paragraph at lines 202--202
[]|\OT1/cmr/m/n/10 Laplacian,
 []


Underfull \hbox (badness 10000) in paragraph at lines 202--202
\OT1/cmr/m/n/10 Laplace op-er-a-
 []

<diagrams/calculus_laplacian.png, id=55, 630.355pt x 501.875pt>
File: diagrams/calculus_laplacian.png Graphic file (type png)

<use diagrams/calculus_laplacian.png> [6 <./diagrams/calculus_derivative.png> <
./diagrams/calculus_integral.png>] [7 <./diagrams/calculus_partial-derivative.p
ng> <./diagrams/calculus_divergence.png (PNG copy)>] [8 <./diagrams/calculus_gr
adient.png (PNG copy)> <./diagrams/calculus_curl.png (PNG copy)> <./diagrams/ca
lculus_laplacian.png (PNG copy)>]
<diagrams/linear-algebra_matrix.png, id=74, 433.62pt x 336.25626pt>
File: diagrams/linear-algebra_matrix.png Graphic file (type png)

<use diagrams/linear-algebra_matrix.png>
<diagrams/linear-algebra_transpose.png, id=75, 401.5pt x 324.21124pt>
File: diagrams/linear-algebra_transpose.png Graphic file (type png)

<use diagrams/linear-algebra_transpose.png>
Underfull \hbox (badness 1102) in paragraph at lines 232--233
\OT1/cmr/m/n/10 math be-cause it turns out to
 []


Underfull \hbox (badness 10000) in paragraph at lines 234--234
[]|\OT1/cmr/m/n/10 Einstein [sum-
 []


Underfull \hbox (badness 2173) in paragraph at lines 238--239
[]|\OT1/cmr/m/n/10 For mak-ing sum-ma-tions more
 []


<diagrams/linear-algebra_identity-matrix.png, id=76, 318.18875pt x 319.1925pt>
File: diagrams/linear-algebra_identity-matrix.png Graphic file (type png)

<use diagrams/linear-algebra_identity-matrix.png>
<diagrams/linear-algebra_determinant.png, id=77, 953.5625pt x 803.0pt>
File: diagrams/linear-algebra_determinant.png Graphic file (type png)

<use diagrams/linear-algebra_determinant.png>
Underfull \hbox (badness 10000) in paragraph at lines 259--259
[]|\OT1/cmr/m/n/10 nothing
 []


Underfull \hbox (badness 10000) in paragraph at lines 259--259
\OT1/cmr/m/n/10 unusual---
 []

<diagrams/linear-algebra_eigenvector.png, id=78, 1319.329pt x 1120.185pt>
File: diagrams/linear-algebra_eigenvector.png Graphic file (type png)

<use diagrams/linear-algebra_eigenvector.png>
<diagrams/linear-algebra_eigenvalue.png, id=79, 501.875pt x 401.5pt>
File: diagrams/linear-algebra_eigenvalue.png Graphic file (type png)

<use diagrams/linear-algebra_eigenvalue.png> [9 <./diagrams/linear-algebra_matr
ix.png (PNG copy)> <./diagrams/linear-algebra_transpose.png (PNG copy)>]
[10 <./diagrams/linear-algebra_identity-matrix.png (PNG copy)>] [11 <./diagrams
/linear-algebra_determinant.png> <./diagrams/linear-algebra_eigenvector.png> <.
/diagrams/linear-algebra_eigenvalue.png>] (./math-cheatsheet.aux) ) 
Here is how much of TeX's memory you used:
 2303 strings out of 94074
 29773 string characters out of 1165153
 94969 words of memory out of 1500000
 5397 multiletter control sequences out of 10000+50000
 12672 words of font info for 48 fonts, out of 1200000 for 2000
 806 hyphenation exceptions out of 8191
 34i,12n,31p,639b,249s stack positions out of 5000i,500n,6000p,200000b,5000s
</usr/share/
texmf-texlive/fonts/type1/bluesky/cm/cmbx10.pfb></usr/share/texmf-texlive/fonts
/type1/bluesky/cm/cmcsc10.pfb></usr/share/texmf-texlive/fonts/type1/bluesky/cm/
cmex10.pfb></usr/share/texmf-texlive/fonts/type1/bluesky/cm/cmmi10.pfb></usr/sh
are/texmf-texlive/fonts/type1/bluesky/cm/cmmi5.pfb></usr/share/texmf-texlive/fo
nts/type1/bluesky/cm/cmmi7.pfb></usr/share/texmf-texlive/fonts/type1/bluesky/cm
/cmmib10.pfb></usr/share/texmf-texlive/fonts/type1/bluesky/ams/cmmib7.pfb></usr
/share/texmf-texlive/fonts/type1/bluesky/cm/cmr10.pfb></usr/share/texmf-texlive
/fonts/type1/bluesky/cm/cmr17.pfb></usr/share/texmf-texlive/fonts/type1/bluesky
/cm/cmr7.pfb></usr/share/texmf-texlive/fonts/type1/bluesky/cm/cmr8.pfb></usr/sh
are/texmf-texlive/fonts/type1/bluesky/cm/cmsy10.pfb></usr/share/texmf-texlive/f
onts/type1/bluesky/cm/cmsy7.pfb></usr/share/texmf-texlive/fonts/type1/bluesky/c
m/cmti10.pfb></usr/share/texmf-texlive/fonts/type1/bluesky/cm/cmti8.pfb></usr/s
hare/texmf-texlive/fonts/type1/bluesky/cm/cmtt12.pfb></usr/share/texmf-texlive/
fonts/type1/bluesky/ams/msbm10.pfb>
Output written on math-cheatsheet.pdf (11 pages, 5152866 bytes).
PDF statistics:
 148 PDF objects out of 1000 (max. 8388607)
 0 named destinations out of 1000 (max. 131072)
 116 words of extra memory for PDF output out of 10000 (max. 10000000)

